13:34:49.129 [main] INFO  org.testng.internal.Utils - [Utils] MethodGroupsHelper.sortMethods() took 0 ms.
13:34:49.139 [main] INFO  org.testng.internal.Utils - [Utils] MethodGroupsHelper.collectMethodsByGroup() took 5 ms.
13:34:49.147 [main] INFO  org.testng.internal.Utils - [Utils] MethodGroupsHelper.sortMethods() took 7 ms.
13:34:49.148 [main] INFO  org.testng.internal.Utils - [Utils] MethodGroupsHelper.collectMethodsByGroup() took 0 ms.
13:34:49.148 [main] INFO  org.testng.internal.Utils - [Utils] MethodGroupsHelper.sortMethods() took 0 ms.
13:34:49.149 [main] INFO  org.testng.internal.Utils - [Utils] MethodGroupsHelper.collectMethodsByGroup() took 0 ms.
13:34:49.149 [main] INFO  org.testng.internal.Utils - [Utils] MethodGroupsHelper.sortMethods() took 0 ms.
13:34:49.150 [main] INFO  org.testng.internal.Utils - [Utils] MethodGroupsHelper.collectMethodsByGroup() took 0 ms.
13:34:49.150 [main] INFO  org.testng.internal.Utils - [Utils] MethodGroupsHelper.sortMethods() took 0 ms.
13:34:49.151 [main] INFO  org.testng.internal.Utils - [Utils] MethodGroupsHelper.collectMethodsByGroup() took 0 ms.
13:34:49.151 [main] INFO  org.testng.internal.Utils - [Utils] MethodGroupsHelper.sortMethods() took 0 ms.
13:34:49.152 [main] INFO  org.testng.internal.Utils - [Utils] MethodGroupsHelper.collectMethodsByGroup() took 0 ms.
13:34:49.152 [main] INFO  org.testng.internal.Utils - [Utils] MethodGroupsHelper.sortMethods() took 0 ms.
13:34:49.153 [main] INFO  org.testng.internal.Utils - [Utils] MethodGroupsHelper.collectMethodsByGroup() took 0 ms.
13:34:49.153 [main] INFO  org.testng.internal.Utils - [Utils] MethodGroupsHelper.sortMethods() took 0 ms.
13:34:49.154 [main] INFO  org.testng.internal.Utils - [Utils] MethodGroupsHelper.collectMethodsByGroup() took 0 ms.
13:34:49.154 [main] INFO  org.testng.internal.Utils - [Utils] MethodGroupsHelper.sortMethods() took 0 ms.
13:34:49.155 [main] INFO  org.testng.internal.Utils - [Utils] MethodGroupsHelper.collectMethodsByGroup() took 0 ms.
13:34:49.155 [main] INFO  org.testng.internal.Utils - [Utils] MethodGroupsHelper.sortMethods() took 0 ms.
13:34:49.156 [main] INFO  org.testng.internal.Utils - [Utils] MethodGroupsHelper.collectMethodsByGroup() took 0 ms.
13:34:49.156 [main] INFO  org.testng.internal.Utils - [Utils] MethodGroupsHelper.sortMethods() took 0 ms.
13:34:49.156 [main] INFO  org.testng.internal.Utils - [Utils] MethodGroupsHelper.collectMethodsByGroup() took 0 ms.
13:34:49.156 [main] INFO  org.testng.internal.Utils - [Utils] MethodGroupsHelper.sortMethods() took 0 ms.
13:34:49.165 [main] INFO  org.testng.internal.Utils - [TestNG] Running:
  C:\Users\sayed\AppData\Local\Temp\testng-eclipse--661274965\testng-customsuite.xml

13:34:49.187 [main] INFO  org.testng.internal.Utils - [Utils] DynamicGraphHelper.createDynamicGraph() took 3 ms.
13:34:49.301 [main] INFO  org.testng.internal.Utils - [TestNG] Time taken by org.testng.reporters.jq.Main@2ce86164: 40 ms
13:34:49.313 [main] INFO  org.testng.internal.Utils - [TestNG] Time taken by org.testng.reporters.FailedReporter@33352f32: 11 ms
13:34:49.326 [main] INFO  org.testng.internal.Utils - [TestNG] Time taken by org.testng.reporters.XMLReporter@65e61854: 12 ms
13:34:49.334 [main] INFO  org.testng.internal.Utils - [TestNG] Time taken by org.testng.reporters.EmailableReporter2@3f23a3a0: 7 ms
13:34:49.341 [main] INFO  org.testng.internal.Utils - [TestNG] Time taken by org.testng.reporters.JUnitReportReporter@32cb636e: 7 ms
13:34:49.341 [main] INFO  org.testng.internal.Utils - [TestNG] Time taken by org.testng.internal.ExitCodeListener@63cd604c: 0 ms
13:40:17.499 [main] DEBUG org.testng.TestNG - suiteXmlPath: "C:\Workspace\JAVA Training\OpenCartProject\master.xml"
13:40:17.673 [main] INFO  org.testng.internal.Utils - [TestNG] Running:
  C:\Workspace\JAVA Training\OpenCartProject\master.xml

13:45:57.844 [main] DEBUG org.testng.TestNG - suiteXmlPath: "C:\Workspace\JAVA Training\OpenCartProject\master.xml"
13:45:58.069 [main] INFO  org.testng.internal.Utils - [TestNG] Running:
  C:\Workspace\JAVA Training\OpenCartProject\master.xml

13:53:14.108 [main] DEBUG org.testng.TestNG - suiteXmlPath: "C:\Workspace\JAVA Training\OpenCartProject\master.xml"
13:53:14.289 [main] INFO  org.testng.internal.Utils - [TestNG] Running:
  C:\Workspace\JAVA Training\OpenCartProject\master.xml

13:53:20.647 [main] INFO  testCases.TC001_AccountRegistrationTest - starting TC001_AccountRegistrationTest
13:53:20.741 [main] INFO  testCases.TC001_AccountRegistrationTest - clicked on MyAccount link
13:53:21.311 [main] INFO  testCases.TC001_AccountRegistrationTest - clicked on Register link
13:53:21.313 [main] INFO  testCases.TC001_AccountRegistrationTest - providing customer details
13:53:22.778 [main] INFO  testCases.TC001_AccountRegistrationTest - validating expected message
13:53:22.828 [main] INFO  testCases.TC001_AccountRegistrationTest - finished TC001_AccountRegistrationTest
13:58:46.717 [main] DEBUG org.testng.TestNG - suiteXmlPath: "C:\Workspace\JAVA Training\OpenCartProject\master.xml"
